2014-09-21 16:07:02,770 INFO  [org.springframework.web.context.ContextLoader:285] Root WebApplicationContext: initialization started
2014-09-21 16:07:04,288 INFO  [org.springframework.web.context.support.XmlWebApplicationContext:513] Refreshing Root WebApplicationContext: startup date [Sun Sep 21 16:07:04 CST 2014]; root of context hierarchy
2014-09-21 16:07:06,558 INFO  [org.springframework.beans.factory.xml.XmlBeanDefinitionReader:316] Loading XML bean definitions from class path resource [spring/business-config.xml]
2014-09-21 16:07:07,413 INFO  [org.springframework.beans.factory.xml.XmlBeanDefinitionReader:316] Loading XML bean definitions from class path resource [spring/datasource-config.xml]
2014-09-21 16:07:08,053 INFO  [org.springframework.beans.factory.xml.XmlBeanDefinitionReader:316] Loading XML bean definitions from class path resource [spring/tools-config.xml]
2014-09-21 16:07:08,718 INFO  [org.springframework.beans.factory.config.PropertyPlaceholderConfigurer:172] Loading properties file from class path resource [spring/data-access.properties]
2014-09-21 16:07:08,771 INFO  [org.springframework.beans.factory.annotation.AutowiredAnnotationBeanPostProcessor:141] JSR-330 'javax.inject.Inject' annotation found and supported for autowiring
2014-09-21 16:07:09,083 INFO  [org.springframework.web.context.ContextLoader:325] Root WebApplicationContext: initialization completed in 6304 ms
2014-09-21 16:07:09,343 INFO  [org.springframework.web.servlet.DispatcherServlet:479] FrameworkServlet 'SevenUp': initialization started
2014-09-21 16:07:09,349 INFO  [org.springframework.web.context.support.XmlWebApplicationContext:513] Refreshing WebApplicationContext for namespace 'SevenUp-servlet': startup date [Sun Sep 21 16:07:09 CST 2014]; parent: Root WebApplicationContext
2014-09-21 16:07:09,351 INFO  [org.springframework.beans.factory.xml.XmlBeanDefinitionReader:316] Loading XML bean definitions from class path resource [spring/mvc-core-config.xml]
2014-09-21 16:07:09,766 INFO  [org.springframework.beans.factory.xml.XmlBeanDefinitionReader:316] Loading XML bean definitions from class path resource [spring/mvc-view-config.xml]
2014-09-21 16:07:10,482 INFO  [org.springframework.beans.factory.annotation.AutowiredAnnotationBeanPostProcessor:141] JSR-330 'javax.inject.Inject' annotation found and supported for autowiring
2014-09-21 16:09:03,535 INFO  [org.springframework.web.servlet.mvc.method.annotation.RequestMappingHandlerMapping:197] Mapped "{[/sevenup/accounts],methods=[GET],params=[],headers=[],consumes=[],produces=[],custom=[]}" onto public java.util.List<org.sevenup.rest.domain.Account> org.sevenup.rest.controller.AccountController.getAllOrders()
2014-09-21 16:09:03,536 INFO  [org.springframework.web.servlet.mvc.method.annotation.RequestMappingHandlerMapping:197] Mapped "{[/sevenup/accounts/signIn],methods=[POST],params=[],headers=[],consumes=[],produces=[],custom=[]}" onto public boolean org.sevenup.rest.controller.AccountController.createUser(org.sevenup.rest.domain.Account)
2014-09-21 16:09:03,537 INFO  [org.springframework.web.servlet.mvc.method.annotation.RequestMappingHandlerMapping:197] Mapped "{[/sevenup/accounts/signUp],methods=[POST],params=[],headers=[],consumes=[],produces=[],custom=[]}" onto public org.springframework.http.ResponseEntity<org.sevenup.rest.domain.Account> org.sevenup.rest.controller.AccountController.signUp(org.sevenup.rest.domain.Account)
2014-09-21 16:09:03,541 INFO  [org.springframework.web.servlet.mvc.method.annotation.RequestMappingHandlerMapping:197] Mapped "{[/login],methods=[POST],params=[],headers=[],consumes=[],produces=[],custom=[]}" onto public org.springframework.http.ResponseEntity<org.sevenup.rest.domain.Account> org.sevenup.rest.controller.LoginController.Login(org.sevenup.rest.domain.Account)
2014-09-21 16:09:03,542 INFO  [org.springframework.web.servlet.mvc.method.annotation.RequestMappingHandlerMapping:197] Mapped "{[/login2/{userName}],methods=[POST],params=[],headers=[],consumes=[],produces=[],custom=[]}" onto public org.springframework.http.ResponseEntity<org.sevenup.rest.domain.Account> org.sevenup.rest.controller.LoginController.Login2(java.lang.String)
2014-09-21 16:09:03,543 INFO  [org.springframework.web.servlet.mvc.method.annotation.RequestMappingHandlerMapping:197] Mapped "{[/cities],methods=[POST],params=[],headers=[],consumes=[],produces=[],custom=[]}" onto public java.lang.String[] org.sevenup.rest.controller.LoginController.cities(javax.servlet.http.HttpServletResponse)
2014-09-21 16:09:05,963 INFO  [org.springframework.web.servlet.handler.SimpleUrlHandlerMapping:315] Mapped URL path [/resources/**] onto handler 'org.springframework.web.servlet.resource.ResourceHttpRequestHandler#0'
2014-09-21 16:09:05,984 INFO  [org.springframework.web.servlet.handler.SimpleUrlHandlerMapping:315] Mapped URL path [/webjars/**] onto handler 'org.springframework.web.servlet.resource.ResourceHttpRequestHandler#1'
2014-09-21 16:09:06,034 INFO  [org.springframework.web.servlet.handler.SimpleUrlHandlerMapping:302] Root mapping to handler of type [class org.springframework.web.servlet.mvc.ParameterizableViewController]
2014-09-21 16:09:06,062 INFO  [org.springframework.web.servlet.handler.SimpleUrlHandlerMapping:315] Mapped URL path [/**] onto handler 'org.springframework.web.servlet.resource.DefaultServletHttpRequestHandler#0'
2014-09-21 16:09:06,137 INFO  [org.springframework.web.servlet.DispatcherServlet:498] FrameworkServlet 'SevenUp': initialization completed in 116793 ms
2014-09-21 16:14:20,903 INFO  [org.springframework.web.context.ContextLoader:285] Root WebApplicationContext: initialization started
2014-09-21 16:14:21,145 INFO  [org.springframework.web.context.support.XmlWebApplicationContext:513] Refreshing Root WebApplicationContext: startup date [Sun Sep 21 16:14:21 CST 2014]; root of context hierarchy
2014-09-21 16:14:21,234 INFO  [org.springframework.beans.factory.xml.XmlBeanDefinitionReader:316] Loading XML bean definitions from class path resource [spring/business-config.xml]
2014-09-21 16:14:21,419 INFO  [org.springframework.beans.factory.xml.XmlBeanDefinitionReader:316] Loading XML bean definitions from class path resource [spring/datasource-config.xml]
2014-09-21 16:14:21,648 INFO  [org.springframework.beans.factory.xml.XmlBeanDefinitionReader:316] Loading XML bean definitions from class path resource [spring/tools-config.xml]
2014-09-21 16:14:21,994 INFO  [org.springframework.beans.factory.config.PropertyPlaceholderConfigurer:172] Loading properties file from class path resource [spring/data-access.properties]
2014-09-21 16:14:22,005 INFO  [org.springframework.beans.factory.annotation.AutowiredAnnotationBeanPostProcessor:141] JSR-330 'javax.inject.Inject' annotation found and supported for autowiring
2014-09-21 16:14:22,182 INFO  [org.springframework.web.context.ContextLoader:325] Root WebApplicationContext: initialization completed in 1274 ms
2014-09-21 16:14:22,304 INFO  [org.springframework.web.servlet.DispatcherServlet:479] FrameworkServlet 'SevenUp': initialization started
2014-09-21 16:14:22,312 INFO  [org.springframework.web.context.support.XmlWebApplicationContext:513] Refreshing WebApplicationContext for namespace 'SevenUp-servlet': startup date [Sun Sep 21 16:14:22 CST 2014]; parent: Root WebApplicationContext
2014-09-21 16:14:22,334 INFO  [org.springframework.beans.factory.xml.XmlBeanDefinitionReader:316] Loading XML bean definitions from class path resource [spring/mvc-core-config.xml]
2014-09-21 16:14:22,716 INFO  [org.springframework.beans.factory.xml.XmlBeanDefinitionReader:316] Loading XML bean definitions from class path resource [spring/mvc-view-config.xml]
2014-09-21 16:14:22,980 INFO  [org.springframework.beans.factory.annotation.AutowiredAnnotationBeanPostProcessor:141] JSR-330 'javax.inject.Inject' annotation found and supported for autowiring
2014-09-21 16:14:34,216 INFO  [org.springframework.web.servlet.mvc.method.annotation.RequestMappingHandlerMapping:197] Mapped "{[/accounts],methods=[GET],params=[],headers=[],consumes=[],produces=[],custom=[]}" onto public java.util.List<org.sevenup.rest.domain.Account> org.sevenup.rest.controller.AccountController.getAllAccounts()
2014-09-21 16:14:34,228 INFO  [org.springframework.web.servlet.mvc.method.annotation.RequestMappingHandlerMapping:197] Mapped "{[/accounts/signIn],methods=[POST],params=[],headers=[],consumes=[],produces=[],custom=[]}" onto public boolean org.sevenup.rest.controller.AccountController.createUser(org.sevenup.rest.domain.Account)
2014-09-21 16:14:34,249 INFO  [org.springframework.web.servlet.mvc.method.annotation.RequestMappingHandlerMapping:197] Mapped "{[/accounts/signUp],methods=[POST],params=[],headers=[],consumes=[],produces=[],custom=[]}" onto public org.springframework.http.ResponseEntity<org.sevenup.rest.domain.Account> org.sevenup.rest.controller.AccountController.signUp(org.sevenup.rest.domain.Account)
2014-09-21 16:14:34,393 INFO  [org.springframework.web.servlet.mvc.method.annotation.RequestMappingHandlerMapping:197] Mapped "{[/login],methods=[POST],params=[],headers=[],consumes=[],produces=[],custom=[]}" onto public org.springframework.http.ResponseEntity<org.sevenup.rest.domain.Account> org.sevenup.rest.controller.LoginController.Login(org.sevenup.rest.domain.Account)
2014-09-21 16:14:34,409 INFO  [org.springframework.web.servlet.mvc.method.annotation.RequestMappingHandlerMapping:197] Mapped "{[/login2/{userName}],methods=[POST],params=[],headers=[],consumes=[],produces=[],custom=[]}" onto public org.springframework.http.ResponseEntity<org.sevenup.rest.domain.Account> org.sevenup.rest.controller.LoginController.Login2(java.lang.String)
2014-09-21 16:14:34,419 INFO  [org.springframework.web.servlet.mvc.method.annotation.RequestMappingHandlerMapping:197] Mapped "{[/cities],methods=[POST],params=[],headers=[],consumes=[],produces=[],custom=[]}" onto public java.lang.String[] org.sevenup.rest.controller.LoginController.cities(javax.servlet.http.HttpServletResponse)
2014-09-21 16:15:07,062 INFO  [org.springframework.web.servlet.handler.SimpleUrlHandlerMapping:315] Mapped URL path [/resources/**] onto handler 'org.springframework.web.servlet.resource.ResourceHttpRequestHandler#0'
2014-09-21 16:15:07,336 INFO  [org.springframework.web.servlet.handler.SimpleUrlHandlerMapping:315] Mapped URL path [/webjars/**] onto handler 'org.springframework.web.servlet.resource.ResourceHttpRequestHandler#1'
2014-09-21 16:15:08,049 INFO  [org.springframework.web.servlet.handler.SimpleUrlHandlerMapping:302] Root mapping to handler of type [class org.springframework.web.servlet.mvc.ParameterizableViewController]
2014-09-21 16:15:08,360 INFO  [org.springframework.web.servlet.handler.SimpleUrlHandlerMapping:315] Mapped URL path [/**] onto handler 'org.springframework.web.servlet.resource.DefaultServletHttpRequestHandler#0'
2014-09-21 16:15:09,854 INFO  [org.springframework.web.servlet.DispatcherServlet:498] FrameworkServlet 'SevenUp': initialization completed in 47550 ms
2014-09-21 20:31:15,562 INFO  [org.springframework.web.context.ContextLoader:285] Root WebApplicationContext: initialization started
2014-09-21 20:31:15,812 INFO  [org.springframework.web.context.support.XmlWebApplicationContext:513] Refreshing Root WebApplicationContext: startup date [Sun Sep 21 20:31:15 CST 2014]; root of context hierarchy
2014-09-21 20:31:15,898 INFO  [org.springframework.beans.factory.xml.XmlBeanDefinitionReader:316] Loading XML bean definitions from class path resource [spring/business-config.xml]
2014-09-21 20:31:16,190 INFO  [org.springframework.beans.factory.xml.XmlBeanDefinitionReader:316] Loading XML bean definitions from class path resource [spring/datasource-config.xml]
2014-09-21 20:31:16,424 INFO  [org.springframework.beans.factory.xml.XmlBeanDefinitionReader:316] Loading XML bean definitions from class path resource [spring/tools-config.xml]
2014-09-21 20:31:16,695 INFO  [org.springframework.beans.factory.config.PropertyPlaceholderConfigurer:172] Loading properties file from class path resource [spring/data-access.properties]
2014-09-21 20:31:16,704 INFO  [org.springframework.beans.factory.annotation.AutowiredAnnotationBeanPostProcessor:141] JSR-330 'javax.inject.Inject' annotation found and supported for autowiring
2014-09-21 20:31:16,837 INFO  [org.springframework.web.context.ContextLoader:325] Root WebApplicationContext: initialization completed in 1269 ms
2014-09-21 20:31:16,961 INFO  [org.springframework.web.servlet.DispatcherServlet:479] FrameworkServlet 'SevenUp': initialization started
2014-09-21 20:31:16,967 INFO  [org.springframework.web.context.support.XmlWebApplicationContext:513] Refreshing WebApplicationContext for namespace 'SevenUp-servlet': startup date [Sun Sep 21 20:31:16 CST 2014]; parent: Root WebApplicationContext
2014-09-21 20:31:16,969 INFO  [org.springframework.beans.factory.xml.XmlBeanDefinitionReader:316] Loading XML bean definitions from class path resource [spring/mvc-core-config.xml]
2014-09-21 20:31:17,351 INFO  [org.springframework.beans.factory.xml.XmlBeanDefinitionReader:316] Loading XML bean definitions from class path resource [spring/mvc-view-config.xml]
2014-09-21 20:31:17,758 INFO  [org.springframework.beans.factory.annotation.AutowiredAnnotationBeanPostProcessor:141] JSR-330 'javax.inject.Inject' annotation found and supported for autowiring
2014-09-21 20:31:25,032 INFO  [org.springframework.web.servlet.mvc.method.annotation.RequestMappingHandlerMapping:197] Mapped "{[/accounts],methods=[GET],params=[],headers=[],consumes=[],produces=[],custom=[]}" onto public java.util.List<org.sevenup.rest.domain.Account> org.sevenup.rest.controller.AccountController.getAllAccounts()
2014-09-21 20:31:25,052 INFO  [org.springframework.web.servlet.mvc.method.annotation.RequestMappingHandlerMapping:197] Mapped "{[/accounts/{id}],methods=[GET],params=[],headers=[],consumes=[],produces=[],custom=[]}" onto public org.springframework.http.ResponseEntity<org.sevenup.rest.domain.Account> org.sevenup.rest.controller.AccountController.viewAccount(java.lang.String)
2014-09-21 20:31:25,072 INFO  [org.springframework.web.servlet.mvc.method.annotation.RequestMappingHandlerMapping:197] Mapped "{[/accounts],methods=[POST],params=[],headers=[],consumes=[],produces=[],custom=[]}" onto public org.springframework.http.ResponseEntity<org.sevenup.rest.domain.Account> org.sevenup.rest.controller.AccountController.createAcount(org.sevenup.rest.domain.Account,org.springframework.web.util.UriComponentsBuilder)
2014-09-21 20:31:25,146 INFO  [org.springframework.web.servlet.mvc.method.annotation.RequestMappingHandlerMapping:197] Mapped "{[/accounts/signIn],methods=[POST],params=[],headers=[],consumes=[],produces=[],custom=[]}" onto public boolean org.sevenup.rest.controller.AccountController.createUser(org.sevenup.rest.domain.Account)
2014-09-21 20:31:25,163 INFO  [org.springframework.web.servlet.mvc.method.annotation.RequestMappingHandlerMapping:197] Mapped "{[/accounts/signUp],methods=[POST],params=[],headers=[],consumes=[],produces=[],custom=[]}" onto public org.springframework.http.ResponseEntity<org.sevenup.rest.domain.Account> org.sevenup.rest.controller.AccountController.signUp(org.sevenup.rest.domain.Account)
2014-09-21 20:31:25,244 INFO  [org.springframework.web.servlet.mvc.method.annotation.RequestMappingHandlerMapping:197] Mapped "{[/login2/{userName}],methods=[POST],params=[],headers=[],consumes=[],produces=[],custom=[]}" onto public org.springframework.http.ResponseEntity<org.sevenup.rest.domain.Account> org.sevenup.rest.controller.LoginController.Login2(java.lang.String)
2014-09-21 20:31:25,268 INFO  [org.springframework.web.servlet.mvc.method.annotation.RequestMappingHandlerMapping:197] Mapped "{[/login],methods=[POST],params=[],headers=[],consumes=[],produces=[],custom=[]}" onto public org.springframework.http.ResponseEntity<org.sevenup.rest.domain.Account> org.sevenup.rest.controller.LoginController.Login(org.sevenup.rest.domain.Account)
2014-09-21 20:31:25,279 INFO  [org.springframework.web.servlet.mvc.method.annotation.RequestMappingHandlerMapping:197] Mapped "{[/cities],methods=[POST],params=[],headers=[],consumes=[],produces=[],custom=[]}" onto public java.lang.String[] org.sevenup.rest.controller.LoginController.cities(javax.servlet.http.HttpServletResponse)
2014-09-21 20:31:57,260 INFO  [org.springframework.web.servlet.handler.SimpleUrlHandlerMapping:315] Mapped URL path [/resources/**] onto handler 'org.springframework.web.servlet.resource.ResourceHttpRequestHandler#0'
2014-09-21 20:31:57,509 INFO  [org.springframework.web.servlet.handler.SimpleUrlHandlerMapping:315] Mapped URL path [/webjars/**] onto handler 'org.springframework.web.servlet.resource.ResourceHttpRequestHandler#1'
2014-09-21 20:31:58,164 INFO  [org.springframework.web.servlet.handler.SimpleUrlHandlerMapping:302] Root mapping to handler of type [class org.springframework.web.servlet.mvc.ParameterizableViewController]
2014-09-21 20:31:58,510 INFO  [org.springframework.web.servlet.handler.SimpleUrlHandlerMapping:315] Mapped URL path [/**] onto handler 'org.springframework.web.servlet.resource.DefaultServletHttpRequestHandler#0'
2014-09-21 20:32:00,233 INFO  [org.springframework.web.servlet.DispatcherServlet:498] FrameworkServlet 'SevenUp': initialization completed in 43271 ms
2014-09-21 22:18:56,251 INFO  [org.springframework.web.context.ContextLoader:285] Root WebApplicationContext: initialization started
2014-09-21 22:18:56,744 INFO  [org.springframework.web.context.support.XmlWebApplicationContext:513] Refreshing Root WebApplicationContext: startup date [Sun Sep 21 22:18:56 CST 2014]; root of context hierarchy
2014-09-21 22:18:56,847 INFO  [org.springframework.beans.factory.xml.XmlBeanDefinitionReader:316] Loading XML bean definitions from class path resource [spring/business-config.xml]
2014-09-21 22:18:57,139 INFO  [org.springframework.beans.factory.xml.XmlBeanDefinitionReader:316] Loading XML bean definitions from class path resource [spring/datasource-config.xml]
2014-09-21 22:18:57,348 INFO  [org.springframework.beans.factory.xml.XmlBeanDefinitionReader:316] Loading XML bean definitions from class path resource [spring/tools-config.xml]
2014-09-21 22:18:57,759 INFO  [org.springframework.beans.factory.config.PropertyPlaceholderConfigurer:172] Loading properties file from class path resource [spring/data-access.properties]
2014-09-21 22:18:57,768 INFO  [org.springframework.beans.factory.annotation.AutowiredAnnotationBeanPostProcessor:141] JSR-330 'javax.inject.Inject' annotation found and supported for autowiring
2014-09-21 22:18:57,957 INFO  [org.springframework.web.context.ContextLoader:325] Root WebApplicationContext: initialization completed in 1700 ms
2014-09-21 22:18:58,073 INFO  [org.springframework.web.servlet.DispatcherServlet:479] FrameworkServlet 'SevenUp': initialization started
2014-09-21 22:18:58,080 INFO  [org.springframework.web.context.support.XmlWebApplicationContext:513] Refreshing WebApplicationContext for namespace 'SevenUp-servlet': startup date [Sun Sep 21 22:18:58 CST 2014]; parent: Root WebApplicationContext
2014-09-21 22:18:58,082 INFO  [org.springframework.beans.factory.xml.XmlBeanDefinitionReader:316] Loading XML bean definitions from class path resource [spring/mvc-core-config.xml]
2014-09-21 22:18:58,460 INFO  [org.springframework.beans.factory.xml.XmlBeanDefinitionReader:316] Loading XML bean definitions from class path resource [spring/mvc-view-config.xml]
2014-09-21 22:18:58,806 INFO  [org.springframework.beans.factory.annotation.AutowiredAnnotationBeanPostProcessor:141] JSR-330 'javax.inject.Inject' annotation found and supported for autowiring
2014-09-21 22:19:06,275 INFO  [org.springframework.web.servlet.mvc.method.annotation.RequestMappingHandlerMapping:197] Mapped "{[/accounts/{id}],methods=[GET],params=[],headers=[],consumes=[],produces=[],custom=[]}" onto public org.springframework.http.ResponseEntity<org.sevenup.rest.domain.Account> org.sevenup.rest.controller.AccountController.viewAccount(java.lang.String)
2014-09-21 22:19:06,297 INFO  [org.springframework.web.servlet.mvc.method.annotation.RequestMappingHandlerMapping:197] Mapped "{[/accounts],methods=[POST],params=[],headers=[],consumes=[],produces=[],custom=[]}" onto public org.springframework.http.ResponseEntity<org.sevenup.rest.domain.Account> org.sevenup.rest.controller.AccountController.createAcount(org.sevenup.rest.domain.Account,org.springframework.web.util.UriComponentsBuilder)
2014-09-21 22:19:06,308 INFO  [org.springframework.web.servlet.mvc.method.annotation.RequestMappingHandlerMapping:197] Mapped "{[/accounts/signIn],methods=[POST],params=[],headers=[],consumes=[],produces=[],custom=[]}" onto public boolean org.sevenup.rest.controller.AccountController.createUser(org.sevenup.rest.domain.Account)
2014-09-21 22:19:06,393 INFO  [org.springframework.web.servlet.mvc.method.annotation.RequestMappingHandlerMapping:197] Mapped "{[/accounts/signUp],methods=[POST],params=[],headers=[],consumes=[],produces=[],custom=[]}" onto public org.springframework.http.ResponseEntity<org.sevenup.rest.domain.Account> org.sevenup.rest.controller.AccountController.signUp(org.sevenup.rest.domain.Account)
2014-09-21 22:19:06,407 INFO  [org.springframework.web.servlet.mvc.method.annotation.RequestMappingHandlerMapping:197] Mapped "{[/accounts],methods=[GET],params=[],headers=[],consumes=[],produces=[],custom=[]}" onto public java.util.List<org.sevenup.rest.domain.Account> org.sevenup.rest.controller.AccountController.getAllAccounts()
2014-09-21 22:19:06,485 INFO  [org.springframework.web.servlet.mvc.method.annotation.RequestMappingHandlerMapping:197] Mapped "{[/login],methods=[POST],params=[],headers=[],consumes=[],produces=[],custom=[]}" onto public org.springframework.http.ResponseEntity<org.sevenup.rest.domain.Account> org.sevenup.rest.controller.LoginController.Login(org.sevenup.rest.domain.Account)
2014-09-21 22:19:06,501 INFO  [org.springframework.web.servlet.mvc.method.annotation.RequestMappingHandlerMapping:197] Mapped "{[/login2/{userName}],methods=[POST],params=[],headers=[],consumes=[],produces=[],custom=[]}" onto public org.springframework.http.ResponseEntity<org.sevenup.rest.domain.Account> org.sevenup.rest.controller.LoginController.Login2(java.lang.String)
2014-09-21 22:19:06,511 INFO  [org.springframework.web.servlet.mvc.method.annotation.RequestMappingHandlerMapping:197] Mapped "{[/cities],methods=[POST],params=[],headers=[],consumes=[],produces=[],custom=[]}" onto public java.lang.String[] org.sevenup.rest.controller.LoginController.cities(javax.servlet.http.HttpServletResponse)
2014-09-21 22:19:39,192 INFO  [org.springframework.web.servlet.handler.SimpleUrlHandlerMapping:315] Mapped URL path [/resources/**] onto handler 'org.springframework.web.servlet.resource.ResourceHttpRequestHandler#0'
2014-09-21 22:19:39,425 INFO  [org.springframework.web.servlet.handler.SimpleUrlHandlerMapping:315] Mapped URL path [/webjars/**] onto handler 'org.springframework.web.servlet.resource.ResourceHttpRequestHandler#1'
2014-09-21 22:19:40,035 INFO  [org.springframework.web.servlet.handler.SimpleUrlHandlerMapping:302] Root mapping to handler of type [class org.springframework.web.servlet.mvc.ParameterizableViewController]
2014-09-21 22:19:40,345 INFO  [org.springframework.web.servlet.handler.SimpleUrlHandlerMapping:315] Mapped URL path [/**] onto handler 'org.springframework.web.servlet.resource.DefaultServletHttpRequestHandler#0'
2014-09-21 22:19:41,800 INFO  [org.springframework.web.servlet.DispatcherServlet:498] FrameworkServlet 'SevenUp': initialization completed in 43725 ms
